<?xml version="1.0" encoding="UTF-8"?>
<testsuite xmlns:xsi="http://www.w3.org/2001/XMLSchema-instance" xsi:noNamespaceSchemaLocation="https://maven.apache.org/surefire/maven-surefire-plugin/xsd/surefire-test-report.xsd" name="cdu.zch.demo11nettysocketio.Demo11NettysocketioApplicationTests" time="4.256" tests="1" errors="0" skipped="0" failures="0">
  <properties>
    <property name="sun.desktop" value="windows"/>
    <property name="awt.toolkit" value="sun.awt.windows.WToolkit"/>
    <property name="file.encoding.pkg" value="sun.io"/>
    <property name="java.specification.version" value="1.8"/>
    <property name="sun.cpu.isalist" value="amd64"/>
    <property name="sun.jnu.encoding" value="GBK"/>
    <property name="java.class.path" value="D:\笔记\spring-boot-demo\spring-boot-demo\demo-11-nettysocketio\target\test-classes;D:\笔记\spring-boot-demo\spring-boot-demo\demo-11-nettysocketio\target\classes;D:\CodeSoftware\Maven\maven-repository\org\springframework\boot\spring-boot-starter-web\2.7.11\spring-boot-starter-web-2.7.11.jar;D:\CodeSoftware\Maven\maven-repository\org\springframework\boot\spring-boot-starter\2.7.11\spring-boot-starter-2.7.11.jar;D:\CodeSoftware\Maven\maven-repository\org\springframework\boot\spring-boot\2.7.11\spring-boot-2.7.11.jar;D:\CodeSoftware\Maven\maven-repository\org\springframework\boot\spring-boot-autoconfigure\2.7.11\spring-boot-autoconfigure-2.7.11.jar;D:\CodeSoftware\Maven\maven-repository\org\springframework\boot\spring-boot-starter-logging\2.7.11\spring-boot-starter-logging-2.7.11.jar;D:\CodeSoftware\Maven\maven-repository\ch\qos\logback\logback-classic\1.2.12\logback-classic-1.2.12.jar;D:\CodeSoftware\Maven\maven-repository\ch\qos\logback\logback-core\1.2.12\logback-core-1.2.12.jar;D:\CodeSoftware\Maven\maven-repository\org\apache\logging\log4j\log4j-to-slf4j\2.17.2\log4j-to-slf4j-2.17.2.jar;D:\CodeSoftware\Maven\maven-repository\org\apache\logging\log4j\log4j-api\2.17.2\log4j-api-2.17.2.jar;D:\CodeSoftware\Maven\maven-repository\org\slf4j\jul-to-slf4j\1.7.36\jul-to-slf4j-1.7.36.jar;D:\CodeSoftware\Maven\maven-repository\jakarta\annotation\jakarta.annotation-api\1.3.5\jakarta.annotation-api-1.3.5.jar;D:\CodeSoftware\Maven\maven-repository\org\yaml\snakeyaml\1.30\snakeyaml-1.30.jar;D:\CodeSoftware\Maven\maven-repository\org\springframework\boot\spring-boot-starter-json\2.7.11\spring-boot-starter-json-2.7.11.jar;D:\CodeSoftware\Maven\maven-repository\com\fasterxml\jackson\datatype\jackson-datatype-jdk8\2.13.5\jackson-datatype-jdk8-2.13.5.jar;D:\CodeSoftware\Maven\maven-repository\com\fasterxml\jackson\datatype\jackson-datatype-jsr310\2.13.5\jackson-datatype-jsr310-2.13.5.jar;D:\CodeSoftware\Maven\maven-repository\com\fasterxml\jackson\module\jackson-module-parameter-names\2.13.5\jackson-module-parameter-names-2.13.5.jar;D:\CodeSoftware\Maven\maven-repository\org\springframework\boot\spring-boot-starter-tomcat\2.7.11\spring-boot-starter-tomcat-2.7.11.jar;D:\CodeSoftware\Maven\maven-repository\org\apache\tomcat\embed\tomcat-embed-core\9.0.74\tomcat-embed-core-9.0.74.jar;D:\CodeSoftware\Maven\maven-repository\org\apache\tomcat\embed\tomcat-embed-el\9.0.74\tomcat-embed-el-9.0.74.jar;D:\CodeSoftware\Maven\maven-repository\org\apache\tomcat\embed\tomcat-embed-websocket\9.0.74\tomcat-embed-websocket-9.0.74.jar;D:\CodeSoftware\Maven\maven-repository\org\springframework\spring-web\5.3.27\spring-web-5.3.27.jar;D:\CodeSoftware\Maven\maven-repository\org\springframework\spring-beans\5.3.27\spring-beans-5.3.27.jar;D:\CodeSoftware\Maven\maven-repository\org\springframework\spring-webmvc\5.3.27\spring-webmvc-5.3.27.jar;D:\CodeSoftware\Maven\maven-repository\org\springframework\spring-aop\5.3.27\spring-aop-5.3.27.jar;D:\CodeSoftware\Maven\maven-repository\org\springframework\spring-context\5.3.27\spring-context-5.3.27.jar;D:\CodeSoftware\Maven\maven-repository\org\springframework\spring-expression\5.3.27\spring-expression-5.3.27.jar;D:\CodeSoftware\Maven\maven-repository\com\corundumstudio\socketio\netty-socketio\1.7.19\netty-socketio-1.7.19.jar;D:\CodeSoftware\Maven\maven-repository\io\netty\netty-buffer\4.1.91.Final\netty-buffer-4.1.91.Final.jar;D:\CodeSoftware\Maven\maven-repository\io\netty\netty-common\4.1.91.Final\netty-common-4.1.91.Final.jar;D:\CodeSoftware\Maven\maven-repository\io\netty\netty-transport\4.1.91.Final\netty-transport-4.1.91.Final.jar;D:\CodeSoftware\Maven\maven-repository\io\netty\netty-resolver\4.1.91.Final\netty-resolver-4.1.91.Final.jar;D:\CodeSoftware\Maven\maven-repository\io\netty\netty-handler\4.1.91.Final\netty-handler-4.1.91.Final.jar;D:\CodeSoftware\Maven\maven-repository\io\netty\netty-transport-native-unix-common\4.1.91.Final\netty-transport-native-unix-common-4.1.91.Final.jar;D:\CodeSoftware\Maven\maven-repository\io\netty\netty-codec-http\4.1.91.Final\netty-codec-http-4.1.91.Final.jar;D:\CodeSoftware\Maven\maven-repository\io\netty\netty-codec\4.1.91.Final\netty-codec-4.1.91.Final.jar;D:\CodeSoftware\Maven\maven-repository\io\netty\netty-transport-native-epoll\4.1.91.Final\netty-transport-native-epoll-4.1.91.Final.jar;D:\CodeSoftware\Maven\maven-repository\io\netty\netty-transport-classes-epoll\4.1.91.Final\netty-transport-classes-epoll-4.1.91.Final.jar;D:\CodeSoftware\Maven\maven-repository\org\slf4j\slf4j-api\1.7.36\slf4j-api-1.7.36.jar;D:\CodeSoftware\Maven\maven-repository\com\fasterxml\jackson\core\jackson-core\2.13.5\jackson-core-2.13.5.jar;D:\CodeSoftware\Maven\maven-repository\com\fasterxml\jackson\core\jackson-databind\2.13.5\jackson-databind-2.13.5.jar;D:\CodeSoftware\Maven\maven-repository\com\fasterxml\jackson\core\jackson-annotations\2.13.5\jackson-annotations-2.13.5.jar;D:\CodeSoftware\Maven\maven-repository\cn\hutool\hutool-all\5.8.16\hutool-all-5.8.16.jar;D:\CodeSoftware\Maven\maven-repository\org\projectlombok\lombok\1.18.26\lombok-1.18.26.jar;D:\CodeSoftware\Maven\maven-repository\org\springframework\boot\spring-boot-configuration-processor\2.7.11\spring-boot-configuration-processor-2.7.11.jar;D:\CodeSoftware\Maven\maven-repository\org\springframework\boot\spring-boot-starter-test\2.7.11\spring-boot-starter-test-2.7.11.jar;D:\CodeSoftware\Maven\maven-repository\org\springframework\boot\spring-boot-test\2.7.11\spring-boot-test-2.7.11.jar;D:\CodeSoftware\Maven\maven-repository\org\springframework\boot\spring-boot-test-autoconfigure\2.7.11\spring-boot-test-autoconfigure-2.7.11.jar;D:\CodeSoftware\Maven\maven-repository\com\jayway\jsonpath\json-path\2.7.0\json-path-2.7.0.jar;D:\CodeSoftware\Maven\maven-repository\net\minidev\json-smart\2.4.10\json-smart-2.4.10.jar;D:\CodeSoftware\Maven\maven-repository\net\minidev\accessors-smart\2.4.9\accessors-smart-2.4.9.jar;D:\CodeSoftware\Maven\maven-repository\org\ow2\asm\asm\9.3\asm-9.3.jar;D:\CodeSoftware\Maven\maven-repository\jakarta\xml\bind\jakarta.xml.bind-api\2.3.3\jakarta.xml.bind-api-2.3.3.jar;D:\CodeSoftware\Maven\maven-repository\jakarta\activation\jakarta.activation-api\1.2.2\jakarta.activation-api-1.2.2.jar;D:\CodeSoftware\Maven\maven-repository\org\assertj\assertj-core\3.22.0\assertj-core-3.22.0.jar;D:\CodeSoftware\Maven\maven-repository\org\hamcrest\hamcrest\2.2\hamcrest-2.2.jar;D:\CodeSoftware\Maven\maven-repository\org\junit\jupiter\junit-jupiter\5.8.2\junit-jupiter-5.8.2.jar;D:\CodeSoftware\Maven\maven-repository\org\junit\jupiter\junit-jupiter-api\5.8.2\junit-jupiter-api-5.8.2.jar;D:\CodeSoftware\Maven\maven-repository\org\opentest4j\opentest4j\1.2.0\opentest4j-1.2.0.jar;D:\CodeSoftware\Maven\maven-repository\org\junit\platform\junit-platform-commons\1.8.2\junit-platform-commons-1.8.2.jar;D:\CodeSoftware\Maven\maven-repository\org\apiguardian\apiguardian-api\1.1.2\apiguardian-api-1.1.2.jar;D:\CodeSoftware\Maven\maven-repository\org\junit\jupiter\junit-jupiter-params\5.8.2\junit-jupiter-params-5.8.2.jar;D:\CodeSoftware\Maven\maven-repository\org\junit\jupiter\junit-jupiter-engine\5.8.2\junit-jupiter-engine-5.8.2.jar;D:\CodeSoftware\Maven\maven-repository\org\junit\platform\junit-platform-engine\1.8.2\junit-platform-engine-1.8.2.jar;D:\CodeSoftware\Maven\maven-repository\org\mockito\mockito-core\4.5.1\mockito-core-4.5.1.jar;D:\CodeSoftware\Maven\maven-repository\net\bytebuddy\byte-buddy\1.12.23\byte-buddy-1.12.23.jar;D:\CodeSoftware\Maven\maven-repository\net\bytebuddy\byte-buddy-agent\1.12.23\byte-buddy-agent-1.12.23.jar;D:\CodeSoftware\Maven\maven-repository\org\objenesis\objenesis\3.2\objenesis-3.2.jar;D:\CodeSoftware\Maven\maven-repository\org\mockito\mockito-junit-jupiter\4.5.1\mockito-junit-jupiter-4.5.1.jar;D:\CodeSoftware\Maven\maven-repository\org\skyscreamer\jsonassert\1.5.1\jsonassert-1.5.1.jar;D:\CodeSoftware\Maven\maven-repository\com\vaadin\external\google\android-json\0.0.20131108.vaadin1\android-json-0.0.20131108.vaadin1.jar;D:\CodeSoftware\Maven\maven-repository\org\springframework\spring-core\5.3.27\spring-core-5.3.27.jar;D:\CodeSoftware\Maven\maven-repository\org\springframework\spring-jcl\5.3.27\spring-jcl-5.3.27.jar;D:\CodeSoftware\Maven\maven-repository\org\springframework\spring-test\5.3.27\spring-test-5.3.27.jar;D:\CodeSoftware\Maven\maven-repository\org\xmlunit\xmlunit-core\2.9.1\xmlunit-core-2.9.1.jar;"/>
    <property name="java.vm.vendor" value="Oracle Corporation"/>
    <property name="sun.arch.data.model" value="64"/>
    <property name="user.variant" value=""/>
    <property name="java.vendor.url" value="http://java.oracle.com/"/>
    <property name="user.timezone" value="Asia/Shanghai"/>
    <property name="java.vm.specification.version" value="1.8"/>
    <property name="os.name" value="Windows 11"/>
    <property name="user.country" value="CN"/>
    <property name="sun.java.launcher" value="SUN_STANDARD"/>
    <property name="sun.boot.library.path" value="D:\Java\jdk\jre\bin"/>
    <property name="sun.java.command" value="C:\Users\20698\AppData\Local\Temp\surefire414239568129420032\surefirebooter3048522984491890464.jar C:\Users\20698\AppData\Local\Temp\surefire414239568129420032 2023-05-08T17-17-47_289-jvmRun1 surefire2528262863466346872tmp surefire_02964754372419121414tmp"/>
    <property name="surefire.test.class.path" value="D:\笔记\spring-boot-demo\spring-boot-demo\demo-11-nettysocketio\target\test-classes;D:\笔记\spring-boot-demo\spring-boot-demo\demo-11-nettysocketio\target\classes;D:\CodeSoftware\Maven\maven-repository\org\springframework\boot\spring-boot-starter-web\2.7.11\spring-boot-starter-web-2.7.11.jar;D:\CodeSoftware\Maven\maven-repository\org\springframework\boot\spring-boot-starter\2.7.11\spring-boot-starter-2.7.11.jar;D:\CodeSoftware\Maven\maven-repository\org\springframework\boot\spring-boot\2.7.11\spring-boot-2.7.11.jar;D:\CodeSoftware\Maven\maven-repository\org\springframework\boot\spring-boot-autoconfigure\2.7.11\spring-boot-autoconfigure-2.7.11.jar;D:\CodeSoftware\Maven\maven-repository\org\springframework\boot\spring-boot-starter-logging\2.7.11\spring-boot-starter-logging-2.7.11.jar;D:\CodeSoftware\Maven\maven-repository\ch\qos\logback\logback-classic\1.2.12\logback-classic-1.2.12.jar;D:\CodeSoftware\Maven\maven-repository\ch\qos\logback\logback-core\1.2.12\logback-core-1.2.12.jar;D:\CodeSoftware\Maven\maven-repository\org\apache\logging\log4j\log4j-to-slf4j\2.17.2\log4j-to-slf4j-2.17.2.jar;D:\CodeSoftware\Maven\maven-repository\org\apache\logging\log4j\log4j-api\2.17.2\log4j-api-2.17.2.jar;D:\CodeSoftware\Maven\maven-repository\org\slf4j\jul-to-slf4j\1.7.36\jul-to-slf4j-1.7.36.jar;D:\CodeSoftware\Maven\maven-repository\jakarta\annotation\jakarta.annotation-api\1.3.5\jakarta.annotation-api-1.3.5.jar;D:\CodeSoftware\Maven\maven-repository\org\yaml\snakeyaml\1.30\snakeyaml-1.30.jar;D:\CodeSoftware\Maven\maven-repository\org\springframework\boot\spring-boot-starter-json\2.7.11\spring-boot-starter-json-2.7.11.jar;D:\CodeSoftware\Maven\maven-repository\com\fasterxml\jackson\datatype\jackson-datatype-jdk8\2.13.5\jackson-datatype-jdk8-2.13.5.jar;D:\CodeSoftware\Maven\maven-repository\com\fasterxml\jackson\datatype\jackson-datatype-jsr310\2.13.5\jackson-datatype-jsr310-2.13.5.jar;D:\CodeSoftware\Maven\maven-repository\com\fasterxml\jackson\module\jackson-module-parameter-names\2.13.5\jackson-module-parameter-names-2.13.5.jar;D:\CodeSoftware\Maven\maven-repository\org\springframework\boot\spring-boot-starter-tomcat\2.7.11\spring-boot-starter-tomcat-2.7.11.jar;D:\CodeSoftware\Maven\maven-repository\org\apache\tomcat\embed\tomcat-embed-core\9.0.74\tomcat-embed-core-9.0.74.jar;D:\CodeSoftware\Maven\maven-repository\org\apache\tomcat\embed\tomcat-embed-el\9.0.74\tomcat-embed-el-9.0.74.jar;D:\CodeSoftware\Maven\maven-repository\org\apache\tomcat\embed\tomcat-embed-websocket\9.0.74\tomcat-embed-websocket-9.0.74.jar;D:\CodeSoftware\Maven\maven-repository\org\springframework\spring-web\5.3.27\spring-web-5.3.27.jar;D:\CodeSoftware\Maven\maven-repository\org\springframework\spring-beans\5.3.27\spring-beans-5.3.27.jar;D:\CodeSoftware\Maven\maven-repository\org\springframework\spring-webmvc\5.3.27\spring-webmvc-5.3.27.jar;D:\CodeSoftware\Maven\maven-repository\org\springframework\spring-aop\5.3.27\spring-aop-5.3.27.jar;D:\CodeSoftware\Maven\maven-repository\org\springframework\spring-context\5.3.27\spring-context-5.3.27.jar;D:\CodeSoftware\Maven\maven-repository\org\springframework\spring-expression\5.3.27\spring-expression-5.3.27.jar;D:\CodeSoftware\Maven\maven-repository\com\corundumstudio\socketio\netty-socketio\1.7.19\netty-socketio-1.7.19.jar;D:\CodeSoftware\Maven\maven-repository\io\netty\netty-buffer\4.1.91.Final\netty-buffer-4.1.91.Final.jar;D:\CodeSoftware\Maven\maven-repository\io\netty\netty-common\4.1.91.Final\netty-common-4.1.91.Final.jar;D:\CodeSoftware\Maven\maven-repository\io\netty\netty-transport\4.1.91.Final\netty-transport-4.1.91.Final.jar;D:\CodeSoftware\Maven\maven-repository\io\netty\netty-resolver\4.1.91.Final\netty-resolver-4.1.91.Final.jar;D:\CodeSoftware\Maven\maven-repository\io\netty\netty-handler\4.1.91.Final\netty-handler-4.1.91.Final.jar;D:\CodeSoftware\Maven\maven-repository\io\netty\netty-transport-native-unix-common\4.1.91.Final\netty-transport-native-unix-common-4.1.91.Final.jar;D:\CodeSoftware\Maven\maven-repository\io\netty\netty-codec-http\4.1.91.Final\netty-codec-http-4.1.91.Final.jar;D:\CodeSoftware\Maven\maven-repository\io\netty\netty-codec\4.1.91.Final\netty-codec-4.1.91.Final.jar;D:\CodeSoftware\Maven\maven-repository\io\netty\netty-transport-native-epoll\4.1.91.Final\netty-transport-native-epoll-4.1.91.Final.jar;D:\CodeSoftware\Maven\maven-repository\io\netty\netty-transport-classes-epoll\4.1.91.Final\netty-transport-classes-epoll-4.1.91.Final.jar;D:\CodeSoftware\Maven\maven-repository\org\slf4j\slf4j-api\1.7.36\slf4j-api-1.7.36.jar;D:\CodeSoftware\Maven\maven-repository\com\fasterxml\jackson\core\jackson-core\2.13.5\jackson-core-2.13.5.jar;D:\CodeSoftware\Maven\maven-repository\com\fasterxml\jackson\core\jackson-databind\2.13.5\jackson-databind-2.13.5.jar;D:\CodeSoftware\Maven\maven-repository\com\fasterxml\jackson\core\jackson-annotations\2.13.5\jackson-annotations-2.13.5.jar;D:\CodeSoftware\Maven\maven-repository\cn\hutool\hutool-all\5.8.16\hutool-all-5.8.16.jar;D:\CodeSoftware\Maven\maven-repository\org\projectlombok\lombok\1.18.26\lombok-1.18.26.jar;D:\CodeSoftware\Maven\maven-repository\org\springframework\boot\spring-boot-configuration-processor\2.7.11\spring-boot-configuration-processor-2.7.11.jar;D:\CodeSoftware\Maven\maven-repository\org\springframework\boot\spring-boot-starter-test\2.7.11\spring-boot-starter-test-2.7.11.jar;D:\CodeSoftware\Maven\maven-repository\org\springframework\boot\spring-boot-test\2.7.11\spring-boot-test-2.7.11.jar;D:\CodeSoftware\Maven\maven-repository\org\springframework\boot\spring-boot-test-autoconfigure\2.7.11\spring-boot-test-autoconfigure-2.7.11.jar;D:\CodeSoftware\Maven\maven-repository\com\jayway\jsonpath\json-path\2.7.0\json-path-2.7.0.jar;D:\CodeSoftware\Maven\maven-repository\net\minidev\json-smart\2.4.10\json-smart-2.4.10.jar;D:\CodeSoftware\Maven\maven-repository\net\minidev\accessors-smart\2.4.9\accessors-smart-2.4.9.jar;D:\CodeSoftware\Maven\maven-repository\org\ow2\asm\asm\9.3\asm-9.3.jar;D:\CodeSoftware\Maven\maven-repository\jakarta\xml\bind\jakarta.xml.bind-api\2.3.3\jakarta.xml.bind-api-2.3.3.jar;D:\CodeSoftware\Maven\maven-repository\jakarta\activation\jakarta.activation-api\1.2.2\jakarta.activation-api-1.2.2.jar;D:\CodeSoftware\Maven\maven-repository\org\assertj\assertj-core\3.22.0\assertj-core-3.22.0.jar;D:\CodeSoftware\Maven\maven-repository\org\hamcrest\hamcrest\2.2\hamcrest-2.2.jar;D:\CodeSoftware\Maven\maven-repository\org\junit\jupiter\junit-jupiter\5.8.2\junit-jupiter-5.8.2.jar;D:\CodeSoftware\Maven\maven-repository\org\junit\jupiter\junit-jupiter-api\5.8.2\junit-jupiter-api-5.8.2.jar;D:\CodeSoftware\Maven\maven-repository\org\opentest4j\opentest4j\1.2.0\opentest4j-1.2.0.jar;D:\CodeSoftware\Maven\maven-repository\org\junit\platform\junit-platform-commons\1.8.2\junit-platform-commons-1.8.2.jar;D:\CodeSoftware\Maven\maven-repository\org\apiguardian\apiguardian-api\1.1.2\apiguardian-api-1.1.2.jar;D:\CodeSoftware\Maven\maven-repository\org\junit\jupiter\junit-jupiter-params\5.8.2\junit-jupiter-params-5.8.2.jar;D:\CodeSoftware\Maven\maven-repository\org\junit\jupiter\junit-jupiter-engine\5.8.2\junit-jupiter-engine-5.8.2.jar;D:\CodeSoftware\Maven\maven-repository\org\junit\platform\junit-platform-engine\1.8.2\junit-platform-engine-1.8.2.jar;D:\CodeSoftware\Maven\maven-repository\org\mockito\mockito-core\4.5.1\mockito-core-4.5.1.jar;D:\CodeSoftware\Maven\maven-repository\net\bytebuddy\byte-buddy\1.12.23\byte-buddy-1.12.23.jar;D:\CodeSoftware\Maven\maven-repository\net\bytebuddy\byte-buddy-agent\1.12.23\byte-buddy-agent-1.12.23.jar;D:\CodeSoftware\Maven\maven-repository\org\objenesis\objenesis\3.2\objenesis-3.2.jar;D:\CodeSoftware\Maven\maven-repository\org\mockito\mockito-junit-jupiter\4.5.1\mockito-junit-jupiter-4.5.1.jar;D:\CodeSoftware\Maven\maven-repository\org\skyscreamer\jsonassert\1.5.1\jsonassert-1.5.1.jar;D:\CodeSoftware\Maven\maven-repository\com\vaadin\external\google\android-json\0.0.20131108.vaadin1\android-json-0.0.20131108.vaadin1.jar;D:\CodeSoftware\Maven\maven-repository\org\springframework\spring-core\5.3.27\spring-core-5.3.27.jar;D:\CodeSoftware\Maven\maven-repository\org\springframework\spring-jcl\5.3.27\spring-jcl-5.3.27.jar;D:\CodeSoftware\Maven\maven-repository\org\springframework\spring-test\5.3.27\spring-test-5.3.27.jar;D:\CodeSoftware\Maven\maven-repository\org\xmlunit\xmlunit-core\2.9.1\xmlunit-core-2.9.1.jar;"/>
    <property name="sun.cpu.endian" value="little"/>
    <property name="user.home" value="C:\Users\20698"/>
    <property name="user.language" value="zh"/>
    <property name="java.specification.vendor" value="Oracle Corporation"/>
    <property name="java.home" value="D:\Java\jdk\jre"/>
    <property name="basedir" value="D:\笔记\spring-boot-demo\spring-boot-demo\demo-11-nettysocketio"/>
    <property name="file.separator" value="\"/>
    <property name="line.separator" value="&#10;"/>
    <property name="java.vm.specification.vendor" value="Oracle Corporation"/>
    <property name="java.specification.name" value="Java Platform API Specification"/>
    <property name="java.awt.graphicsenv" value="sun.awt.Win32GraphicsEnvironment"/>
    <property name="surefire.real.class.path" value="C:\Users\20698\AppData\Local\Temp\surefire414239568129420032\surefirebooter3048522984491890464.jar"/>
    <property name="sun.boot.class.path" value="D:\Java\jdk\jre\lib\resources.jar;D:\Java\jdk\jre\lib\rt.jar;D:\Java\jdk\jre\lib\jsse.jar;D:\Java\jdk\jre\lib\jce.jar;D:\Java\jdk\jre\lib\charsets.jar;D:\Java\jdk\jre\lib\jfr.jar;D:\Java\jdk\jre\classes"/>
    <property name="user.script" value=""/>
    <property name="sun.management.compiler" value="HotSpot 64-Bit Tiered Compilers"/>
    <property name="java.runtime.version" value="1.8.0_341-b10"/>
    <property name="user.name" value="20698"/>
    <property name="path.separator" value=";"/>
    <property name="os.version" value="10.0"/>
    <property name="java.endorsed.dirs" value="D:\Java\jdk\jre\lib\endorsed"/>
    <property name="java.runtime.name" value="Java(TM) SE Runtime Environment"/>
    <property name="file.encoding" value="GBK"/>
    <property name="java.vm.name" value="Java HotSpot(TM) 64-Bit Server VM"/>
    <property name="localRepository" value="D:\CodeSoftware\Maven\maven-repository"/>
    <property name="java.vendor.url.bug" value="http://bugreport.sun.com/bugreport/"/>
    <property name="java.io.tmpdir" value="C:\Users\20698\AppData\Local\Temp\"/>
    <property name="idea.version" value="2023.1"/>
    <property name="java.version" value="1.8.0_341"/>
    <property name="user.dir" value="D:\笔记\spring-boot-demo\spring-boot-demo\demo-11-nettysocketio"/>
    <property name="os.arch" value="amd64"/>
    <property name="java.vm.specification.name" value="Java Virtual Machine Specification"/>
    <property name="java.awt.printerjob" value="sun.awt.windows.WPrinterJob"/>
    <property name="sun.os.patch.level" value=""/>
    <property name="java.library.path" value="D:\Java\jdk\jre\bin;C:\Windows\Sun\Java\bin;C:\Windows\system32;C:\Windows;D:\jdk-15.0.2\bin;D:\CodeSoftware\VMware\vmware\bin\;C:\Program Files (x86)\Common Files\Oracle\Java\javapath;C:\Windows\system32;C:\Windows;C:\Windows\System32\Wbem;C:\Windows\System32\WindowsPowerShell\v1.0\;C:\Windows\System32\OpenSSH\;D:\jdk-15.0.2\jre\bin;C:\Program Files\dotnet\;D:\CodeSoftware\Maven\apache-maven-3.6.1\bin;D:\CodeSoftware\Wechat\wechat\微信web开发者工具\dll;D:\CodeSoftware\Xshell\;D:\CodeSoftware\Xftp\;D:\CodeSoftware\MongoDB\mongodb\bin;C:\Program Files\Google\Chrome\Application;D:\Go\go\bin;D:\CodeSoftware\NodeJs\nodejs\;D:\CodeSoftware\Git\Git\Git\cmd;D:\CodeSoftware\MySql\mysql-8.0.28-winx64\bin;D:\Hugo\bin;D:\CodeSoftware\mongodb\bin;D:\CodeSoftware\mongodb\mongosh-1.8.0-win32-x64\bin;D:\CodeSoftware\powershell\7\;D:\python38\Scripts\;D:\python38\;C:\Users\20698\AppData\Local\Microsoft\WindowsApps;D:\CodeSoftware\professional\Pycharm-professional\Pycharm\PyCharm 2023.1\bin;;D:\CodeSoftware\professional\intellij-professional\IDEA\IntelliJ IDEA 2023.1\bin;;D:\CodeSoftware\professional\WebStorm-professional\WebStorm\WebStorm 2022.2.1\bin;;C:\Users\20698\.dotnet\tools;D:\CodeSoftware\VSCode\Microsoft VS Code\bin;C:\Users\20698\go\bin;C:\Users\20698\AppData\Roaming\npm;C:\Users\20698\AppData\Local\Programs\oh-my-posh\bin;."/>
    <property name="java.vm.info" value="mixed mode"/>
    <property name="java.vendor" value="Oracle Corporation"/>
    <property name="java.vm.version" value="25.341-b10"/>
    <property name="java.ext.dirs" value="D:\Java\jdk\jre\lib\ext;C:\Windows\Sun\Java\lib\ext"/>
    <property name="sun.io.unicode.encoding" value="UnicodeLittle"/>
    <property name="java.class.version" value="52.0"/>
  </properties>
  <testcase name="contextLoads" classname="cdu.zch.demo11nettysocketio.Demo11NettysocketioApplicationTests" time="0.256"/>
</testsuite>